mode: atomic
github.com/kristina71/bitlytest/pkg/adapters/storage.go:21.32,23.2 1 4
github.com/kristina71/bitlytest/pkg/adapters/storage.go:29.79,30.28 1 2
github.com/kristina71/bitlytest/pkg/adapters/storage.go:33.2,33.27 1 2
github.com/kristina71/bitlytest/pkg/adapters/storage.go:37.2,38.16 2 2
github.com/kristina71/bitlytest/pkg/adapters/storage.go:42.2,45.16 3 2
github.com/kristina71/bitlytest/pkg/adapters/storage.go:30.28,32.3 1 0
github.com/kristina71/bitlytest/pkg/adapters/storage.go:33.27,35.3 1 0
github.com/kristina71/bitlytest/pkg/adapters/storage.go:38.16,41.3 2 0
github.com/kristina71/bitlytest/pkg/adapters/storage.go:48.69,50.16 2 2
github.com/kristina71/bitlytest/pkg/adapters/storage.go:54.2,55.12 2 2
github.com/kristina71/bitlytest/pkg/adapters/storage.go:50.16,53.3 2 0
github.com/kristina71/bitlytest/pkg/adapters/storage.go:58.69,60.16 2 1
github.com/kristina71/bitlytest/pkg/adapters/storage.go:64.2,65.12 2 1
github.com/kristina71/bitlytest/pkg/adapters/storage.go:60.16,63.3 2 0
github.com/kristina71/bitlytest/pkg/adapters/storage.go:68.66,70.16 2 0
github.com/kristina71/bitlytest/pkg/adapters/storage.go:75.2,78.16 3 0
github.com/kristina71/bitlytest/pkg/adapters/storage.go:83.2,83.18 1 0
github.com/kristina71/bitlytest/pkg/adapters/storage.go:70.16,73.3 2 0
github.com/kristina71/bitlytest/pkg/adapters/storage.go:78.16,81.3 2 0
github.com/kristina71/bitlytest/pkg/adapters/storage.go:86.90,88.16 2 1
github.com/kristina71/bitlytest/pkg/adapters/storage.go:93.2,96.26 3 1
github.com/kristina71/bitlytest/pkg/adapters/storage.go:100.2,100.17 1 1
github.com/kristina71/bitlytest/pkg/adapters/storage.go:88.16,91.3 2 0
github.com/kristina71/bitlytest/pkg/adapters/storage.go:96.26,98.3 1 0
github.com/kristina71/bitlytest/pkg/adapters/storage.go:103.41,105.16 2 0
github.com/kristina71/bitlytest/pkg/adapters/storage.go:108.2,108.11 1 0
github.com/kristina71/bitlytest/pkg/adapters/storage.go:105.16,107.3 1 0
github.com/kristina71/bitlytest/pkg/service/service.go:27.36,29.2 1 20
github.com/kristina71/bitlytest/pkg/service/service.go:31.85,34.45 2 5
github.com/kristina71/bitlytest/pkg/service/service.go:38.2,38.24 1 5
github.com/kristina71/bitlytest/pkg/service/service.go:42.2,44.17 3 5
github.com/kristina71/bitlytest/pkg/service/service.go:34.45,36.3 1 0
github.com/kristina71/bitlytest/pkg/service/service.go:38.24,40.3 1 2
github.com/kristina71/bitlytest/pkg/service/service.go:47.71,49.2 1 1
github.com/kristina71/bitlytest/pkg/service/service.go:51.85,54.45 2 5
github.com/kristina71/bitlytest/pkg/service/service.go:58.2,58.24 1 5
github.com/kristina71/bitlytest/pkg/service/service.go:62.2,63.17 2 5
github.com/kristina71/bitlytest/pkg/service/service.go:54.45,56.3 1 0
github.com/kristina71/bitlytest/pkg/service/service.go:58.24,60.3 1 3
github.com/kristina71/bitlytest/pkg/service/service.go:67.82,69.2 1 4
github.com/kristina71/bitlytest/pkg/service/service.go:71.71,73.2 1 5
github.com/kristina71/bitlytest/pkg/service/service.go:75.41,81.2 4 10
github.com/kristina71/bitlytest/tests/methods.go:12.60,17.2 4 3
github.com/kristina71/bitlytest/tests/methods.go:19.85,24.2 4 0
github.com/kristina71/bitlytest/tests/methods.go:26.78,31.2 4 11
github.com/kristina71/bitlytest/tests/methods.go:33.76,38.2 4 2
